<?xml version="1.0" encoding="UTF-8"?>
<testsuite xmlns:xsi="http://www.w3.org/2001/XMLSchema-instance" xsi:noNamespaceSchemaLocation="https://maven.apache.org/surefire/maven-surefire-plugin/xsd/surefire-test-report.xsd" name="pl.michaldurlak.shortURL.ShortUrlApplicationTests" time="1.921" tests="1" errors="0" skipped="0" failures="0">
  <properties>
    <property name="java.specification.version" value="18"/>
    <property name="sun.jnu.encoding" value="UTF-8"/>
    <property name="java.class.path" value="/Users/michaldurlak/Documents/ProjectsMichu/shortURL/target/test-classes:/Users/michaldurlak/Documents/ProjectsMichu/shortURL/target/classes:/Users/michaldurlak/.m2/repository/org/springframework/boot/spring-boot-starter-web/2.7.1/spring-boot-starter-web-2.7.1.jar:/Users/michaldurlak/.m2/repository/org/springframework/boot/spring-boot-starter/2.7.1/spring-boot-starter-2.7.1.jar:/Users/michaldurlak/.m2/repository/org/springframework/boot/spring-boot-starter-logging/2.7.1/spring-boot-starter-logging-2.7.1.jar:/Users/michaldurlak/.m2/repository/ch/qos/logback/logback-classic/1.2.11/logback-classic-1.2.11.jar:/Users/michaldurlak/.m2/repository/ch/qos/logback/logback-core/1.2.11/logback-core-1.2.11.jar:/Users/michaldurlak/.m2/repository/org/apache/logging/log4j/log4j-to-slf4j/2.17.2/log4j-to-slf4j-2.17.2.jar:/Users/michaldurlak/.m2/repository/org/apache/logging/log4j/log4j-api/2.17.2/log4j-api-2.17.2.jar:/Users/michaldurlak/.m2/repository/org/slf4j/jul-to-slf4j/1.7.36/jul-to-slf4j-1.7.36.jar:/Users/michaldurlak/.m2/repository/jakarta/annotation/jakarta.annotation-api/1.3.5/jakarta.annotation-api-1.3.5.jar:/Users/michaldurlak/.m2/repository/org/yaml/snakeyaml/1.30/snakeyaml-1.30.jar:/Users/michaldurlak/.m2/repository/org/springframework/boot/spring-boot-starter-json/2.7.1/spring-boot-starter-json-2.7.1.jar:/Users/michaldurlak/.m2/repository/com/fasterxml/jackson/core/jackson-databind/2.13.3/jackson-databind-2.13.3.jar:/Users/michaldurlak/.m2/repository/com/fasterxml/jackson/core/jackson-annotations/2.13.3/jackson-annotations-2.13.3.jar:/Users/michaldurlak/.m2/repository/com/fasterxml/jackson/datatype/jackson-datatype-jdk8/2.13.3/jackson-datatype-jdk8-2.13.3.jar:/Users/michaldurlak/.m2/repository/com/fasterxml/jackson/datatype/jackson-datatype-jsr310/2.13.3/jackson-datatype-jsr310-2.13.3.jar:/Users/michaldurlak/.m2/repository/com/fasterxml/jackson/module/jackson-module-parameter-names/2.13.3/jackson-module-parameter-names-2.13.3.jar:/Users/michaldurlak/.m2/repository/org/springframework/boot/spring-boot-starter-tomcat/2.7.1/spring-boot-starter-tomcat-2.7.1.jar:/Users/michaldurlak/.m2/repository/org/apache/tomcat/embed/tomcat-embed-core/9.0.64/tomcat-embed-core-9.0.64.jar:/Users/michaldurlak/.m2/repository/org/apache/tomcat/embed/tomcat-embed-el/9.0.64/tomcat-embed-el-9.0.64.jar:/Users/michaldurlak/.m2/repository/org/apache/tomcat/embed/tomcat-embed-websocket/9.0.64/tomcat-embed-websocket-9.0.64.jar:/Users/michaldurlak/.m2/repository/org/springframework/spring-web/5.3.21/spring-web-5.3.21.jar:/Users/michaldurlak/.m2/repository/org/springframework/spring-beans/5.3.21/spring-beans-5.3.21.jar:/Users/michaldurlak/.m2/repository/org/springframework/spring-webmvc/5.3.21/spring-webmvc-5.3.21.jar:/Users/michaldurlak/.m2/repository/org/springframework/spring-aop/5.3.21/spring-aop-5.3.21.jar:/Users/michaldurlak/.m2/repository/org/springframework/spring-context/5.3.21/spring-context-5.3.21.jar:/Users/michaldurlak/.m2/repository/org/springframework/spring-expression/5.3.21/spring-expression-5.3.21.jar:/Users/michaldurlak/.m2/repository/org/springframework/boot/spring-boot-devtools/2.7.1/spring-boot-devtools-2.7.1.jar:/Users/michaldurlak/.m2/repository/org/springframework/boot/spring-boot/2.7.1/spring-boot-2.7.1.jar:/Users/michaldurlak/.m2/repository/org/springframework/boot/spring-boot-autoconfigure/2.7.1/spring-boot-autoconfigure-2.7.1.jar:/Users/michaldurlak/.m2/repository/org/projectlombok/lombok/1.18.24/lombok-1.18.24.jar:/Users/michaldurlak/.m2/repository/org/springframework/boot/spring-boot-starter-test/2.7.1/spring-boot-starter-test-2.7.1.jar:/Users/michaldurlak/.m2/repository/org/springframework/boot/spring-boot-test/2.7.1/spring-boot-test-2.7.1.jar:/Users/michaldurlak/.m2/repository/org/springframework/boot/spring-boot-test-autoconfigure/2.7.1/spring-boot-test-autoconfigure-2.7.1.jar:/Users/michaldurlak/.m2/repository/com/jayway/jsonpath/json-path/2.7.0/json-path-2.7.0.jar:/Users/michaldurlak/.m2/repository/net/minidev/json-smart/2.4.8/json-smart-2.4.8.jar:/Users/michaldurlak/.m2/repository/net/minidev/accessors-smart/2.4.8/accessors-smart-2.4.8.jar:/Users/michaldurlak/.m2/repository/org/ow2/asm/asm/9.1/asm-9.1.jar:/Users/michaldurlak/.m2/repository/jakarta/xml/bind/jakarta.xml.bind-api/2.3.3/jakarta.xml.bind-api-2.3.3.jar:/Users/michaldurlak/.m2/repository/jakarta/activation/jakarta.activation-api/1.2.2/jakarta.activation-api-1.2.2.jar:/Users/michaldurlak/.m2/repository/org/assertj/assertj-core/3.22.0/assertj-core-3.22.0.jar:/Users/michaldurlak/.m2/repository/org/hamcrest/hamcrest/2.2/hamcrest-2.2.jar:/Users/michaldurlak/.m2/repository/org/junit/jupiter/junit-jupiter/5.8.2/junit-jupiter-5.8.2.jar:/Users/michaldurlak/.m2/repository/org/junit/jupiter/junit-jupiter-api/5.8.2/junit-jupiter-api-5.8.2.jar:/Users/michaldurlak/.m2/repository/org/opentest4j/opentest4j/1.2.0/opentest4j-1.2.0.jar:/Users/michaldurlak/.m2/repository/org/junit/platform/junit-platform-commons/1.8.2/junit-platform-commons-1.8.2.jar:/Users/michaldurlak/.m2/repository/org/apiguardian/apiguardian-api/1.1.2/apiguardian-api-1.1.2.jar:/Users/michaldurlak/.m2/repository/org/junit/jupiter/junit-jupiter-params/5.8.2/junit-jupiter-params-5.8.2.jar:/Users/michaldurlak/.m2/repository/org/junit/jupiter/junit-jupiter-engine/5.8.2/junit-jupiter-engine-5.8.2.jar:/Users/michaldurlak/.m2/repository/org/junit/platform/junit-platform-engine/1.8.2/junit-platform-engine-1.8.2.jar:/Users/michaldurlak/.m2/repository/org/mockito/mockito-core/4.5.1/mockito-core-4.5.1.jar:/Users/michaldurlak/.m2/repository/net/bytebuddy/byte-buddy/1.12.11/byte-buddy-1.12.11.jar:/Users/michaldurlak/.m2/repository/net/bytebuddy/byte-buddy-agent/1.12.11/byte-buddy-agent-1.12.11.jar:/Users/michaldurlak/.m2/repository/org/objenesis/objenesis/3.2/objenesis-3.2.jar:/Users/michaldurlak/.m2/repository/org/mockito/mockito-junit-jupiter/4.5.1/mockito-junit-jupiter-4.5.1.jar:/Users/michaldurlak/.m2/repository/org/skyscreamer/jsonassert/1.5.0/jsonassert-1.5.0.jar:/Users/michaldurlak/.m2/repository/com/vaadin/external/google/android-json/0.0.20131108.vaadin1/android-json-0.0.20131108.vaadin1.jar:/Users/michaldurlak/.m2/repository/org/springframework/spring-core/5.3.21/spring-core-5.3.21.jar:/Users/michaldurlak/.m2/repository/org/springframework/spring-jcl/5.3.21/spring-jcl-5.3.21.jar:/Users/michaldurlak/.m2/repository/org/springframework/spring-test/5.3.21/spring-test-5.3.21.jar:/Users/michaldurlak/.m2/repository/org/xmlunit/xmlunit-core/2.9.0/xmlunit-core-2.9.0.jar:/Users/michaldurlak/.m2/repository/com/google/firebase/firebase-admin/9.0.0/firebase-admin-9.0.0.jar:/Users/michaldurlak/.m2/repository/com/google/api-client/google-api-client/1.35.1/google-api-client-1.35.1.jar:/Users/michaldurlak/.m2/repository/com/google/oauth-client/google-oauth-client/1.34.1/google-oauth-client-1.34.1.jar:/Users/michaldurlak/.m2/repository/com/google/http-client/google-http-client-gson/1.42.0/google-http-client-gson-1.42.0.jar:/Users/michaldurlak/.m2/repository/com/google/http-client/google-http-client-apache-v2/1.42.0/google-http-client-apache-v2-1.42.0.jar:/Users/michaldurlak/.m2/repository/org/apache/httpcomponents/httpcore/4.4.15/httpcore-4.4.15.jar:/Users/michaldurlak/.m2/repository/org/apache/httpcomponents/httpclient/4.5.13/httpclient-4.5.13.jar:/Users/michaldurlak/.m2/repository/com/google/api-client/google-api-client-gson/1.35.1/google-api-client-gson-1.35.1.jar:/Users/michaldurlak/.m2/repository/com/google/http-client/google-http-client/1.41.8/google-http-client-1.41.8.jar:/Users/michaldurlak/.m2/repository/com/google/code/findbugs/jsr305/3.0.2/jsr305-3.0.2.jar:/Users/michaldurlak/.m2/repository/com/google/j2objc/j2objc-annotations/1.3/j2objc-annotations-1.3.jar:/Users/michaldurlak/.m2/repository/io/opencensus/opencensus-api/0.31.0/opencensus-api-0.31.0.jar:/Users/michaldurlak/.m2/repository/io/opencensus/opencensus-contrib-http-util/0.31.0/opencensus-contrib-http-util-0.31.0.jar:/Users/michaldurlak/.m2/repository/com/google/api/api-common/2.2.0/api-common-2.2.0.jar:/Users/michaldurlak/.m2/repository/javax/annotation/javax.annotation-api/1.3.2/javax.annotation-api-1.3.2.jar:/Users/michaldurlak/.m2/repository/com/google/auto/value/auto-value-annotations/1.9/auto-value-annotations-1.9.jar:/Users/michaldurlak/.m2/repository/com/google/auth/google-auth-library-oauth2-http/1.7.0/google-auth-library-oauth2-http-1.7.0.jar:/Users/michaldurlak/.m2/repository/com/google/auth/google-auth-library-credentials/1.7.0/google-auth-library-credentials-1.7.0.jar:/Users/michaldurlak/.m2/repository/com/google/cloud/google-cloud-storage/2.7.2/google-cloud-storage-2.7.2.jar:/Users/michaldurlak/.m2/repository/com/google/guava/failureaccess/1.0.1/failureaccess-1.0.1.jar:/Users/michaldurlak/.m2/repository/com/google/guava/listenablefuture/9999.0-empty-to-avoid-conflict-with-guava/listenablefuture-9999.0-empty-to-avoid-conflict-with-guava.jar:/Users/michaldurlak/.m2/repository/org/checkerframework/checker-qual/3.22.0/checker-qual-3.22.0.jar:/Users/michaldurlak/.m2/repository/com/google/http-client/google-http-client-jackson2/1.41.8/google-http-client-jackson2-1.41.8.jar:/Users/michaldurlak/.m2/repository/com/google/apis/google-api-services-storage/v1-rev20220509-1.32.1/google-api-services-storage-v1-rev20220509-1.32.1.jar:/Users/michaldurlak/.m2/repository/com/google/code/gson/gson/2.9.0/gson-2.9.0.jar:/Users/michaldurlak/.m2/repository/com/google/cloud/google-cloud-core/2.7.1/google-cloud-core-2.7.1.jar:/Users/michaldurlak/.m2/repository/com/google/api/grpc/proto-google-common-protos/2.8.3/proto-google-common-protos-2.8.3.jar:/Users/michaldurlak/.m2/repository/com/google/cloud/google-cloud-core-http/2.7.1/google-cloud-core-http-2.7.1.jar:/Users/michaldurlak/.m2/repository/com/google/http-client/google-http-client-appengine/1.41.8/google-http-client-appengine-1.41.8.jar:/Users/michaldurlak/.m2/repository/com/google/api/gax-httpjson/0.103.1/gax-httpjson-0.103.1.jar:/Users/michaldurlak/.m2/repository/com/google/api/gax/2.18.1/gax-2.18.1.jar:/Users/michaldurlak/.m2/repository/io/grpc/grpc-context/1.46.0/grpc-context-1.46.0.jar:/Users/michaldurlak/.m2/repository/com/google/api/grpc/proto-google-iam-v1/1.3.4/proto-google-iam-v1-1.3.4.jar:/Users/michaldurlak/.m2/repository/com/google/protobuf/protobuf-java/3.20.1/protobuf-java-3.20.1.jar:/Users/michaldurlak/.m2/repository/com/google/protobuf/protobuf-java-util/3.20.1/protobuf-java-util-3.20.1.jar:/Users/michaldurlak/.m2/repository/org/threeten/threetenbp/1.6.0/threetenbp-1.6.0.jar:/Users/michaldurlak/.m2/repository/com/fasterxml/jackson/core/jackson-core/2.13.3/jackson-core-2.13.3.jar:/Users/michaldurlak/.m2/repository/com/google/cloud/google-cloud-firestore/3.2.0/google-cloud-firestore-3.2.0.jar:/Users/michaldurlak/.m2/repository/com/google/cloud/google-cloud-core-grpc/2.7.1/google-cloud-core-grpc-2.7.1.jar:/Users/michaldurlak/.m2/repository/io/grpc/grpc-core/1.46.0/grpc-core-1.46.0.jar:/Users/michaldurlak/.m2/repository/com/google/android/annotations/4.1.1.4/annotations-4.1.1.4.jar:/Users/michaldurlak/.m2/repository/org/codehaus/mojo/animal-sniffer-annotations/1.21/animal-sniffer-annotations-1.21.jar:/Users/michaldurlak/.m2/repository/io/perfmark/perfmark-api/0.25.0/perfmark-api-0.25.0.jar:/Users/michaldurlak/.m2/repository/commons-logging/commons-logging/1.2/commons-logging-1.2.jar:/Users/michaldurlak/.m2/repository/commons-codec/commons-codec/1.15/commons-codec-1.15.jar:/Users/michaldurlak/.m2/repository/com/google/api/grpc/proto-google-cloud-firestore-v1/3.2.0/proto-google-cloud-firestore-v1-3.2.0.jar:/Users/michaldurlak/.m2/repository/com/google/cloud/proto-google-cloud-firestore-bundle-v1/3.2.0/proto-google-cloud-firestore-bundle-v1-3.2.0.jar:/Users/michaldurlak/.m2/repository/io/opencensus/opencensus-contrib-grpc-util/0.31.1/opencensus-contrib-grpc-util-0.31.1.jar:/Users/michaldurlak/.m2/repository/io/grpc/grpc-protobuf/1.46.0/grpc-protobuf-1.46.0.jar:/Users/michaldurlak/.m2/repository/io/grpc/grpc-protobuf-lite/1.46.0/grpc-protobuf-lite-1.46.0.jar:/Users/michaldurlak/.m2/repository/io/grpc/grpc-api/1.46.0/grpc-api-1.46.0.jar:/Users/michaldurlak/.m2/repository/com/google/errorprone/error_prone_annotations/2.13.1/error_prone_annotations-2.13.1.jar:/Users/michaldurlak/.m2/repository/com/google/api/gax-grpc/2.18.1/gax-grpc-2.18.1.jar:/Users/michaldurlak/.m2/repository/io/grpc/grpc-alts/1.46.0/grpc-alts-1.46.0.jar:/Users/michaldurlak/.m2/repository/io/grpc/grpc-grpclb/1.46.0/grpc-grpclb-1.46.0.jar:/Users/michaldurlak/.m2/repository/org/conscrypt/conscrypt-openjdk-uber/2.5.1/conscrypt-openjdk-uber-2.5.1.jar:/Users/michaldurlak/.m2/repository/io/grpc/grpc-auth/1.46.0/grpc-auth-1.46.0.jar:/Users/michaldurlak/.m2/repository/io/grpc/grpc-netty-shaded/1.46.0/grpc-netty-shaded-1.46.0.jar:/Users/michaldurlak/.m2/repository/io/grpc/grpc-googleapis/1.46.0/grpc-googleapis-1.46.0.jar:/Users/michaldurlak/.m2/repository/io/grpc/grpc-xds/1.46.0/grpc-xds-1.46.0.jar:/Users/michaldurlak/.m2/repository/io/grpc/grpc-services/1.46.0/grpc-services-1.46.0.jar:/Users/michaldurlak/.m2/repository/com/google/re2j/re2j/1.5/re2j-1.5.jar:/Users/michaldurlak/.m2/repository/org/bouncycastle/bcpkix-jdk15on/1.67/bcpkix-jdk15on-1.67.jar:/Users/michaldurlak/.m2/repository/org/bouncycastle/bcprov-jdk15on/1.67/bcprov-jdk15on-1.67.jar:/Users/michaldurlak/.m2/repository/io/opencensus/opencensus-proto/0.2.0/opencensus-proto-0.2.0.jar:/Users/michaldurlak/.m2/repository/io/grpc/grpc-stub/1.46.0/grpc-stub-1.46.0.jar:/Users/michaldurlak/.m2/repository/com/google/guava/guava/31.1-jre/guava-31.1-jre.jar:/Users/michaldurlak/.m2/repository/org/slf4j/slf4j-api/1.7.36/slf4j-api-1.7.36.jar:/Users/michaldurlak/.m2/repository/io/netty/netty-codec-http/4.1.78.Final/netty-codec-http-4.1.78.Final.jar:/Users/michaldurlak/.m2/repository/io/netty/netty-common/4.1.78.Final/netty-common-4.1.78.Final.jar:/Users/michaldurlak/.m2/repository/io/netty/netty-buffer/4.1.78.Final/netty-buffer-4.1.78.Final.jar:/Users/michaldurlak/.m2/repository/io/netty/netty-codec/4.1.78.Final/netty-codec-4.1.78.Final.jar:/Users/michaldurlak/.m2/repository/io/netty/netty-handler/4.1.78.Final/netty-handler-4.1.78.Final.jar:/Users/michaldurlak/.m2/repository/io/netty/netty-resolver/4.1.78.Final/netty-resolver-4.1.78.Final.jar:/Users/michaldurlak/.m2/repository/io/netty/netty-transport-native-unix-common/4.1.78.Final/netty-transport-native-unix-common-4.1.78.Final.jar:/Users/michaldurlak/.m2/repository/io/netty/netty-transport/4.1.78.Final/netty-transport-4.1.78.Final.jar:"/>
    <property name="java.vm.vendor" value="Oracle Corporation"/>
    <property name="sun.arch.data.model" value="64"/>
    <property name="java.vendor.url" value="https://java.oracle.com/"/>
    <property name="os.name" value="Mac OS X"/>
    <property name="java.vm.specification.version" value="18"/>
    <property name="sun.java.launcher" value="SUN_STANDARD"/>
    <property name="user.country" value="GB"/>
    <property name="sun.boot.library.path" value="/Library/Java/JavaVirtualMachines/jdk-18.0.1.1.jdk/Contents/Home/lib"/>
    <property name="sun.java.command" value="/Users/michaldurlak/Documents/ProjectsMichu/shortURL/target/surefire/surefirebooter11116019417303207180.jar /Users/michaldurlak/Documents/ProjectsMichu/shortURL/target/surefire 2022-07-13T19-57-18_039-jvmRun1 surefire11274740748443139890tmp surefire_05978114862673335256tmp"/>
    <property name="http.nonProxyHosts" value="local|*.local|169.254/16|*.169.254/16"/>
    <property name="jdk.debug" value="release"/>
    <property name="surefire.test.class.path" value="/Users/michaldurlak/Documents/ProjectsMichu/shortURL/target/test-classes:/Users/michaldurlak/Documents/ProjectsMichu/shortURL/target/classes:/Users/michaldurlak/.m2/repository/org/springframework/boot/spring-boot-starter-web/2.7.1/spring-boot-starter-web-2.7.1.jar:/Users/michaldurlak/.m2/repository/org/springframework/boot/spring-boot-starter/2.7.1/spring-boot-starter-2.7.1.jar:/Users/michaldurlak/.m2/repository/org/springframework/boot/spring-boot-starter-logging/2.7.1/spring-boot-starter-logging-2.7.1.jar:/Users/michaldurlak/.m2/repository/ch/qos/logback/logback-classic/1.2.11/logback-classic-1.2.11.jar:/Users/michaldurlak/.m2/repository/ch/qos/logback/logback-core/1.2.11/logback-core-1.2.11.jar:/Users/michaldurlak/.m2/repository/org/apache/logging/log4j/log4j-to-slf4j/2.17.2/log4j-to-slf4j-2.17.2.jar:/Users/michaldurlak/.m2/repository/org/apache/logging/log4j/log4j-api/2.17.2/log4j-api-2.17.2.jar:/Users/michaldurlak/.m2/repository/org/slf4j/jul-to-slf4j/1.7.36/jul-to-slf4j-1.7.36.jar:/Users/michaldurlak/.m2/repository/jakarta/annotation/jakarta.annotation-api/1.3.5/jakarta.annotation-api-1.3.5.jar:/Users/michaldurlak/.m2/repository/org/yaml/snakeyaml/1.30/snakeyaml-1.30.jar:/Users/michaldurlak/.m2/repository/org/springframework/boot/spring-boot-starter-json/2.7.1/spring-boot-starter-json-2.7.1.jar:/Users/michaldurlak/.m2/repository/com/fasterxml/jackson/core/jackson-databind/2.13.3/jackson-databind-2.13.3.jar:/Users/michaldurlak/.m2/repository/com/fasterxml/jackson/core/jackson-annotations/2.13.3/jackson-annotations-2.13.3.jar:/Users/michaldurlak/.m2/repository/com/fasterxml/jackson/datatype/jackson-datatype-jdk8/2.13.3/jackson-datatype-jdk8-2.13.3.jar:/Users/michaldurlak/.m2/repository/com/fasterxml/jackson/datatype/jackson-datatype-jsr310/2.13.3/jackson-datatype-jsr310-2.13.3.jar:/Users/michaldurlak/.m2/repository/com/fasterxml/jackson/module/jackson-module-parameter-names/2.13.3/jackson-module-parameter-names-2.13.3.jar:/Users/michaldurlak/.m2/repository/org/springframework/boot/spring-boot-starter-tomcat/2.7.1/spring-boot-starter-tomcat-2.7.1.jar:/Users/michaldurlak/.m2/repository/org/apache/tomcat/embed/tomcat-embed-core/9.0.64/tomcat-embed-core-9.0.64.jar:/Users/michaldurlak/.m2/repository/org/apache/tomcat/embed/tomcat-embed-el/9.0.64/tomcat-embed-el-9.0.64.jar:/Users/michaldurlak/.m2/repository/org/apache/tomcat/embed/tomcat-embed-websocket/9.0.64/tomcat-embed-websocket-9.0.64.jar:/Users/michaldurlak/.m2/repository/org/springframework/spring-web/5.3.21/spring-web-5.3.21.jar:/Users/michaldurlak/.m2/repository/org/springframework/spring-beans/5.3.21/spring-beans-5.3.21.jar:/Users/michaldurlak/.m2/repository/org/springframework/spring-webmvc/5.3.21/spring-webmvc-5.3.21.jar:/Users/michaldurlak/.m2/repository/org/springframework/spring-aop/5.3.21/spring-aop-5.3.21.jar:/Users/michaldurlak/.m2/repository/org/springframework/spring-context/5.3.21/spring-context-5.3.21.jar:/Users/michaldurlak/.m2/repository/org/springframework/spring-expression/5.3.21/spring-expression-5.3.21.jar:/Users/michaldurlak/.m2/repository/org/springframework/boot/spring-boot-devtools/2.7.1/spring-boot-devtools-2.7.1.jar:/Users/michaldurlak/.m2/repository/org/springframework/boot/spring-boot/2.7.1/spring-boot-2.7.1.jar:/Users/michaldurlak/.m2/repository/org/springframework/boot/spring-boot-autoconfigure/2.7.1/spring-boot-autoconfigure-2.7.1.jar:/Users/michaldurlak/.m2/repository/org/projectlombok/lombok/1.18.24/lombok-1.18.24.jar:/Users/michaldurlak/.m2/repository/org/springframework/boot/spring-boot-starter-test/2.7.1/spring-boot-starter-test-2.7.1.jar:/Users/michaldurlak/.m2/repository/org/springframework/boot/spring-boot-test/2.7.1/spring-boot-test-2.7.1.jar:/Users/michaldurlak/.m2/repository/org/springframework/boot/spring-boot-test-autoconfigure/2.7.1/spring-boot-test-autoconfigure-2.7.1.jar:/Users/michaldurlak/.m2/repository/com/jayway/jsonpath/json-path/2.7.0/json-path-2.7.0.jar:/Users/michaldurlak/.m2/repository/net/minidev/json-smart/2.4.8/json-smart-2.4.8.jar:/Users/michaldurlak/.m2/repository/net/minidev/accessors-smart/2.4.8/accessors-smart-2.4.8.jar:/Users/michaldurlak/.m2/repository/org/ow2/asm/asm/9.1/asm-9.1.jar:/Users/michaldurlak/.m2/repository/jakarta/xml/bind/jakarta.xml.bind-api/2.3.3/jakarta.xml.bind-api-2.3.3.jar:/Users/michaldurlak/.m2/repository/jakarta/activation/jakarta.activation-api/1.2.2/jakarta.activation-api-1.2.2.jar:/Users/michaldurlak/.m2/repository/org/assertj/assertj-core/3.22.0/assertj-core-3.22.0.jar:/Users/michaldurlak/.m2/repository/org/hamcrest/hamcrest/2.2/hamcrest-2.2.jar:/Users/michaldurlak/.m2/repository/org/junit/jupiter/junit-jupiter/5.8.2/junit-jupiter-5.8.2.jar:/Users/michaldurlak/.m2/repository/org/junit/jupiter/junit-jupiter-api/5.8.2/junit-jupiter-api-5.8.2.jar:/Users/michaldurlak/.m2/repository/org/opentest4j/opentest4j/1.2.0/opentest4j-1.2.0.jar:/Users/michaldurlak/.m2/repository/org/junit/platform/junit-platform-commons/1.8.2/junit-platform-commons-1.8.2.jar:/Users/michaldurlak/.m2/repository/org/apiguardian/apiguardian-api/1.1.2/apiguardian-api-1.1.2.jar:/Users/michaldurlak/.m2/repository/org/junit/jupiter/junit-jupiter-params/5.8.2/junit-jupiter-params-5.8.2.jar:/Users/michaldurlak/.m2/repository/org/junit/jupiter/junit-jupiter-engine/5.8.2/junit-jupiter-engine-5.8.2.jar:/Users/michaldurlak/.m2/repository/org/junit/platform/junit-platform-engine/1.8.2/junit-platform-engine-1.8.2.jar:/Users/michaldurlak/.m2/repository/org/mockito/mockito-core/4.5.1/mockito-core-4.5.1.jar:/Users/michaldurlak/.m2/repository/net/bytebuddy/byte-buddy/1.12.11/byte-buddy-1.12.11.jar:/Users/michaldurlak/.m2/repository/net/bytebuddy/byte-buddy-agent/1.12.11/byte-buddy-agent-1.12.11.jar:/Users/michaldurlak/.m2/repository/org/objenesis/objenesis/3.2/objenesis-3.2.jar:/Users/michaldurlak/.m2/repository/org/mockito/mockito-junit-jupiter/4.5.1/mockito-junit-jupiter-4.5.1.jar:/Users/michaldurlak/.m2/repository/org/skyscreamer/jsonassert/1.5.0/jsonassert-1.5.0.jar:/Users/michaldurlak/.m2/repository/com/vaadin/external/google/android-json/0.0.20131108.vaadin1/android-json-0.0.20131108.vaadin1.jar:/Users/michaldurlak/.m2/repository/org/springframework/spring-core/5.3.21/spring-core-5.3.21.jar:/Users/michaldurlak/.m2/repository/org/springframework/spring-jcl/5.3.21/spring-jcl-5.3.21.jar:/Users/michaldurlak/.m2/repository/org/springframework/spring-test/5.3.21/spring-test-5.3.21.jar:/Users/michaldurlak/.m2/repository/org/xmlunit/xmlunit-core/2.9.0/xmlunit-core-2.9.0.jar:/Users/michaldurlak/.m2/repository/com/google/firebase/firebase-admin/9.0.0/firebase-admin-9.0.0.jar:/Users/michaldurlak/.m2/repository/com/google/api-client/google-api-client/1.35.1/google-api-client-1.35.1.jar:/Users/michaldurlak/.m2/repository/com/google/oauth-client/google-oauth-client/1.34.1/google-oauth-client-1.34.1.jar:/Users/michaldurlak/.m2/repository/com/google/http-client/google-http-client-gson/1.42.0/google-http-client-gson-1.42.0.jar:/Users/michaldurlak/.m2/repository/com/google/http-client/google-http-client-apache-v2/1.42.0/google-http-client-apache-v2-1.42.0.jar:/Users/michaldurlak/.m2/repository/org/apache/httpcomponents/httpcore/4.4.15/httpcore-4.4.15.jar:/Users/michaldurlak/.m2/repository/org/apache/httpcomponents/httpclient/4.5.13/httpclient-4.5.13.jar:/Users/michaldurlak/.m2/repository/com/google/api-client/google-api-client-gson/1.35.1/google-api-client-gson-1.35.1.jar:/Users/michaldurlak/.m2/repository/com/google/http-client/google-http-client/1.41.8/google-http-client-1.41.8.jar:/Users/michaldurlak/.m2/repository/com/google/code/findbugs/jsr305/3.0.2/jsr305-3.0.2.jar:/Users/michaldurlak/.m2/repository/com/google/j2objc/j2objc-annotations/1.3/j2objc-annotations-1.3.jar:/Users/michaldurlak/.m2/repository/io/opencensus/opencensus-api/0.31.0/opencensus-api-0.31.0.jar:/Users/michaldurlak/.m2/repository/io/opencensus/opencensus-contrib-http-util/0.31.0/opencensus-contrib-http-util-0.31.0.jar:/Users/michaldurlak/.m2/repository/com/google/api/api-common/2.2.0/api-common-2.2.0.jar:/Users/michaldurlak/.m2/repository/javax/annotation/javax.annotation-api/1.3.2/javax.annotation-api-1.3.2.jar:/Users/michaldurlak/.m2/repository/com/google/auto/value/auto-value-annotations/1.9/auto-value-annotations-1.9.jar:/Users/michaldurlak/.m2/repository/com/google/auth/google-auth-library-oauth2-http/1.7.0/google-auth-library-oauth2-http-1.7.0.jar:/Users/michaldurlak/.m2/repository/com/google/auth/google-auth-library-credentials/1.7.0/google-auth-library-credentials-1.7.0.jar:/Users/michaldurlak/.m2/repository/com/google/cloud/google-cloud-storage/2.7.2/google-cloud-storage-2.7.2.jar:/Users/michaldurlak/.m2/repository/com/google/guava/failureaccess/1.0.1/failureaccess-1.0.1.jar:/Users/michaldurlak/.m2/repository/com/google/guava/listenablefuture/9999.0-empty-to-avoid-conflict-with-guava/listenablefuture-9999.0-empty-to-avoid-conflict-with-guava.jar:/Users/michaldurlak/.m2/repository/org/checkerframework/checker-qual/3.22.0/checker-qual-3.22.0.jar:/Users/michaldurlak/.m2/repository/com/google/http-client/google-http-client-jackson2/1.41.8/google-http-client-jackson2-1.41.8.jar:/Users/michaldurlak/.m2/repository/com/google/apis/google-api-services-storage/v1-rev20220509-1.32.1/google-api-services-storage-v1-rev20220509-1.32.1.jar:/Users/michaldurlak/.m2/repository/com/google/code/gson/gson/2.9.0/gson-2.9.0.jar:/Users/michaldurlak/.m2/repository/com/google/cloud/google-cloud-core/2.7.1/google-cloud-core-2.7.1.jar:/Users/michaldurlak/.m2/repository/com/google/api/grpc/proto-google-common-protos/2.8.3/proto-google-common-protos-2.8.3.jar:/Users/michaldurlak/.m2/repository/com/google/cloud/google-cloud-core-http/2.7.1/google-cloud-core-http-2.7.1.jar:/Users/michaldurlak/.m2/repository/com/google/http-client/google-http-client-appengine/1.41.8/google-http-client-appengine-1.41.8.jar:/Users/michaldurlak/.m2/repository/com/google/api/gax-httpjson/0.103.1/gax-httpjson-0.103.1.jar:/Users/michaldurlak/.m2/repository/com/google/api/gax/2.18.1/gax-2.18.1.jar:/Users/michaldurlak/.m2/repository/io/grpc/grpc-context/1.46.0/grpc-context-1.46.0.jar:/Users/michaldurlak/.m2/repository/com/google/api/grpc/proto-google-iam-v1/1.3.4/proto-google-iam-v1-1.3.4.jar:/Users/michaldurlak/.m2/repository/com/google/protobuf/protobuf-java/3.20.1/protobuf-java-3.20.1.jar:/Users/michaldurlak/.m2/repository/com/google/protobuf/protobuf-java-util/3.20.1/protobuf-java-util-3.20.1.jar:/Users/michaldurlak/.m2/repository/org/threeten/threetenbp/1.6.0/threetenbp-1.6.0.jar:/Users/michaldurlak/.m2/repository/com/fasterxml/jackson/core/jackson-core/2.13.3/jackson-core-2.13.3.jar:/Users/michaldurlak/.m2/repository/com/google/cloud/google-cloud-firestore/3.2.0/google-cloud-firestore-3.2.0.jar:/Users/michaldurlak/.m2/repository/com/google/cloud/google-cloud-core-grpc/2.7.1/google-cloud-core-grpc-2.7.1.jar:/Users/michaldurlak/.m2/repository/io/grpc/grpc-core/1.46.0/grpc-core-1.46.0.jar:/Users/michaldurlak/.m2/repository/com/google/android/annotations/4.1.1.4/annotations-4.1.1.4.jar:/Users/michaldurlak/.m2/repository/org/codehaus/mojo/animal-sniffer-annotations/1.21/animal-sniffer-annotations-1.21.jar:/Users/michaldurlak/.m2/repository/io/perfmark/perfmark-api/0.25.0/perfmark-api-0.25.0.jar:/Users/michaldurlak/.m2/repository/commons-logging/commons-logging/1.2/commons-logging-1.2.jar:/Users/michaldurlak/.m2/repository/commons-codec/commons-codec/1.15/commons-codec-1.15.jar:/Users/michaldurlak/.m2/repository/com/google/api/grpc/proto-google-cloud-firestore-v1/3.2.0/proto-google-cloud-firestore-v1-3.2.0.jar:/Users/michaldurlak/.m2/repository/com/google/cloud/proto-google-cloud-firestore-bundle-v1/3.2.0/proto-google-cloud-firestore-bundle-v1-3.2.0.jar:/Users/michaldurlak/.m2/repository/io/opencensus/opencensus-contrib-grpc-util/0.31.1/opencensus-contrib-grpc-util-0.31.1.jar:/Users/michaldurlak/.m2/repository/io/grpc/grpc-protobuf/1.46.0/grpc-protobuf-1.46.0.jar:/Users/michaldurlak/.m2/repository/io/grpc/grpc-protobuf-lite/1.46.0/grpc-protobuf-lite-1.46.0.jar:/Users/michaldurlak/.m2/repository/io/grpc/grpc-api/1.46.0/grpc-api-1.46.0.jar:/Users/michaldurlak/.m2/repository/com/google/errorprone/error_prone_annotations/2.13.1/error_prone_annotations-2.13.1.jar:/Users/michaldurlak/.m2/repository/com/google/api/gax-grpc/2.18.1/gax-grpc-2.18.1.jar:/Users/michaldurlak/.m2/repository/io/grpc/grpc-alts/1.46.0/grpc-alts-1.46.0.jar:/Users/michaldurlak/.m2/repository/io/grpc/grpc-grpclb/1.46.0/grpc-grpclb-1.46.0.jar:/Users/michaldurlak/.m2/repository/org/conscrypt/conscrypt-openjdk-uber/2.5.1/conscrypt-openjdk-uber-2.5.1.jar:/Users/michaldurlak/.m2/repository/io/grpc/grpc-auth/1.46.0/grpc-auth-1.46.0.jar:/Users/michaldurlak/.m2/repository/io/grpc/grpc-netty-shaded/1.46.0/grpc-netty-shaded-1.46.0.jar:/Users/michaldurlak/.m2/repository/io/grpc/grpc-googleapis/1.46.0/grpc-googleapis-1.46.0.jar:/Users/michaldurlak/.m2/repository/io/grpc/grpc-xds/1.46.0/grpc-xds-1.46.0.jar:/Users/michaldurlak/.m2/repository/io/grpc/grpc-services/1.46.0/grpc-services-1.46.0.jar:/Users/michaldurlak/.m2/repository/com/google/re2j/re2j/1.5/re2j-1.5.jar:/Users/michaldurlak/.m2/repository/org/bouncycastle/bcpkix-jdk15on/1.67/bcpkix-jdk15on-1.67.jar:/Users/michaldurlak/.m2/repository/org/bouncycastle/bcprov-jdk15on/1.67/bcprov-jdk15on-1.67.jar:/Users/michaldurlak/.m2/repository/io/opencensus/opencensus-proto/0.2.0/opencensus-proto-0.2.0.jar:/Users/michaldurlak/.m2/repository/io/grpc/grpc-stub/1.46.0/grpc-stub-1.46.0.jar:/Users/michaldurlak/.m2/repository/com/google/guava/guava/31.1-jre/guava-31.1-jre.jar:/Users/michaldurlak/.m2/repository/org/slf4j/slf4j-api/1.7.36/slf4j-api-1.7.36.jar:/Users/michaldurlak/.m2/repository/io/netty/netty-codec-http/4.1.78.Final/netty-codec-http-4.1.78.Final.jar:/Users/michaldurlak/.m2/repository/io/netty/netty-common/4.1.78.Final/netty-common-4.1.78.Final.jar:/Users/michaldurlak/.m2/repository/io/netty/netty-buffer/4.1.78.Final/netty-buffer-4.1.78.Final.jar:/Users/michaldurlak/.m2/repository/io/netty/netty-codec/4.1.78.Final/netty-codec-4.1.78.Final.jar:/Users/michaldurlak/.m2/repository/io/netty/netty-handler/4.1.78.Final/netty-handler-4.1.78.Final.jar:/Users/michaldurlak/.m2/repository/io/netty/netty-resolver/4.1.78.Final/netty-resolver-4.1.78.Final.jar:/Users/michaldurlak/.m2/repository/io/netty/netty-transport-native-unix-common/4.1.78.Final/netty-transport-native-unix-common-4.1.78.Final.jar:/Users/michaldurlak/.m2/repository/io/netty/netty-transport/4.1.78.Final/netty-transport-4.1.78.Final.jar:"/>
    <property name="sun.cpu.endian" value="little"/>
    <property name="user.home" value="/Users/michaldurlak"/>
    <property name="user.language" value="en"/>
    <property name="java.specification.vendor" value="Oracle Corporation"/>
    <property name="java.version.date" value="2022-04-22"/>
    <property name="java.home" value="/Library/Java/JavaVirtualMachines/jdk-18.0.1.1.jdk/Contents/Home"/>
    <property name="file.separator" value="/"/>
    <property name="basedir" value="/Users/michaldurlak/Documents/ProjectsMichu/shortURL"/>
    <property name="java.vm.compressedOopsMode" value="Zero based"/>
    <property name="line.separator" value="&#10;"/>
    <property name="java.specification.name" value="Java Platform API Specification"/>
    <property name="java.vm.specification.vendor" value="Oracle Corporation"/>
    <property name="apple.awt.application.name" value="ForkedBooter"/>
    <property name="surefire.real.class.path" value="/Users/michaldurlak/Documents/ProjectsMichu/shortURL/target/surefire/surefirebooter11116019417303207180.jar"/>
    <property name="sun.management.compiler" value="HotSpot 64-Bit Tiered Compilers"/>
    <property name="ftp.nonProxyHosts" value="local|*.local|169.254/16|*.169.254/16"/>
    <property name="java.runtime.version" value="18.0.1.1+2-6"/>
    <property name="user.name" value="michaldurlak"/>
    <property name="path.separator" value=":"/>
    <property name="os.version" value="12.4"/>
    <property name="java.runtime.name" value="Java(TM) SE Runtime Environment"/>
    <property name="file.encoding" value="UTF-8"/>
    <property name="java.vm.name" value="Java HotSpot(TM) 64-Bit Server VM"/>
    <property name="localRepository" value="/Users/michaldurlak/.m2/repository"/>
    <property name="java.vendor.url.bug" value="https://bugreport.java.com/bugreport/"/>
    <property name="java.io.tmpdir" value="/var/folders/z3/_ps6wgf50mqdxdmlrcp7x7680000gn/T/"/>
    <property name="java.version" value="18.0.1.1"/>
    <property name="user.dir" value="/Users/michaldurlak/Documents/ProjectsMichu/shortURL"/>
    <property name="os.arch" value="aarch64"/>
    <property name="java.vm.specification.name" value="Java Virtual Machine Specification"/>
    <property name="native.encoding" value="UTF-8"/>
    <property name="java.library.path" value="/Users/michaldurlak/Library/Java/Extensions:/Library/Java/Extensions:/Network/Library/Java/Extensions:/System/Library/Java/Extensions:/usr/lib/java:."/>
    <property name="java.vm.info" value="mixed mode, sharing"/>
    <property name="java.vendor" value="Oracle Corporation"/>
    <property name="java.vm.version" value="18.0.1.1+2-6"/>
    <property name="sun.io.unicode.encoding" value="UnicodeBig"/>
    <property name="socksNonProxyHosts" value="local|*.local|169.254/16|*.169.254/16"/>
    <property name="java.class.version" value="62.0"/>
  </properties>
  <testcase name="contextLoads" classname="pl.michaldurlak.shortURL.ShortUrlApplicationTests" time="0.265"/>
</testsuite>